[0.000000] (-) TimerEvent: {}
[0.001838] (-) JobUnselected: {'identifier': 'examples_rclcpp_async_client'}
[0.001950] (-) JobUnselected: {'identifier': 'examples_rclcpp_cbg_executor'}
[0.002020] (-) JobUnselected: {'identifier': 'examples_rclcpp_minimal_action_client'}
[0.003371] (-) JobUnselected: {'identifier': 'examples_rclcpp_minimal_action_server'}
[0.003495] (-) JobUnselected: {'identifier': 'examples_rclcpp_minimal_client'}
[0.003576] (-) JobUnselected: {'identifier': 'examples_rclcpp_minimal_composition'}
[0.003638] (-) JobUnselected: {'identifier': 'examples_rclcpp_minimal_publisher'}
[0.003728] (-) JobUnselected: {'identifier': 'examples_rclcpp_minimal_service'}
[0.003796] (-) JobUnselected: {'identifier': 'examples_rclcpp_minimal_subscriber'}
[0.003858] (-) JobUnselected: {'identifier': 'examples_rclcpp_minimal_timer'}
[0.003936] (-) JobUnselected: {'identifier': 'examples_rclcpp_multithreaded_executor'}
[0.004028] (-) JobUnselected: {'identifier': 'examples_rclcpp_wait_set'}
[0.004101] (-) JobUnselected: {'identifier': 'examples_rclpy_executors'}
[0.004163] (-) JobUnselected: {'identifier': 'examples_rclpy_guard_conditions'}
[0.004225] (-) JobUnselected: {'identifier': 'examples_rclpy_minimal_action_client'}
[0.004289] (-) JobUnselected: {'identifier': 'examples_rclpy_minimal_action_server'}
[0.004349] (-) JobUnselected: {'identifier': 'examples_rclpy_minimal_client'}
[0.004511] (-) JobUnselected: {'identifier': 'examples_rclpy_minimal_publisher'}
[0.004598] (-) JobUnselected: {'identifier': 'examples_rclpy_minimal_service'}
[0.005324] (-) JobUnselected: {'identifier': 'examples_rclpy_minimal_subscriber'}
[0.005981] (-) JobUnselected: {'identifier': 'examples_rclpy_pointcloud_publisher'}
[0.006229] (-) JobUnselected: {'identifier': 'launch_testing_examples'}
[0.006684] (-) JobUnselected: {'identifier': 'py_pubsub'}
[0.006774] (my_mas) JobQueued: {'identifier': 'my_mas', 'dependencies': OrderedDict()}
[0.006852] (my_mas) JobStarted: {'identifier': 'my_mas'}
[0.099097] (-) TimerEvent: {}
[0.199700] (-) TimerEvent: {}
[0.254315] (my_mas) JobProgress: {'identifier': 'my_mas', 'progress': 'cmake'}
[0.255706] (my_mas) Command: {'cmd': ['/usr/bin/cmake', '/home/ffelix07/Documents/LabRemo/Orchestrator/ros2_labremoto/src/my_mas', '-DCMAKE_INSTALL_PREFIX=/home/ffelix07/Documents/LabRemo/Orchestrator/ros2_labremoto/install/my_mas'], 'cwd': '/home/ffelix07/Documents/LabRemo/Orchestrator/ros2_labremoto/build/my_mas', 'env': OrderedDict([('LESSOPEN', '| /usr/bin/lesspipe %s'), ('USER', 'ffelix07'), ('GIO_MODULE_DIR', '/home/ffelix07/snap/code/common/.cache/gio-modules'), ('XDG_SESSION_TYPE', 'wayland'), ('GIT_ASKPASS', '/snap/code/143/usr/share/code/resources/app/extensions/git/dist/askpass.sh'), ('GTK_EXE_PREFIX_VSCODE_SNAP_ORIG', ''), ('GDK_BACKEND_VSCODE_SNAP_ORIG', ''), ('SHLVL', '2'), ('LD_LIBRARY_PATH', '/opt/ros/humble/lib/x86_64-linux-gnu:/opt/ros/humble/lib'), ('HOME', '/home/ffelix07'), ('CHROME_DESKTOP', 'code-url-handler.desktop'), ('LOCPATH_VSCODE_SNAP_ORIG', ''), ('OLDPWD', '/home/ffelix07/Documents/LabRemo/Orchestrator'), ('TERM_PROGRAM_VERSION', '1.83.1'), ('DESKTOP_SESSION', 'ubuntu'), ('GTK_PATH', '/snap/code/143/usr/lib/x86_64-linux-gnu/gtk-3.0'), ('GTK_IM_MODULE_FILE', '/home/ffelix07/snap/code/common/.cache/immodules/immodules.cache'), ('ROS_PYTHON_VERSION', '3'), ('GNOME_SHELL_SESSION_MODE', 'ubuntu'), ('GTK_MODULES', 'gail:atk-bridge'), ('GSETTINGS_SCHEMA_DIR_VSCODE_SNAP_ORIG', ''), ('VSCODE_GIT_ASKPASS_MAIN', '/snap/code/143/usr/share/code/resources/app/extensions/git/dist/askpass-main.js'), ('VSCODE_GIT_ASKPASS_NODE', '/snap/code/143/usr/share/code/code'), ('DBUS_STARTER_BUS_TYPE', 'session'), ('SYSTEMD_EXEC_PID', '1727'), ('DBUS_SESSION_BUS_ADDRESS', 'unix:path=/run/user/1000/bus,guid=81e6e8b0141c6ce95dfd36cd6532affa'), ('COLORTERM', 'truecolor'), ('IM_CONFIG_PHASE', '1'), ('WAYLAND_DISPLAY', 'wayland-0'), ('ROS_DISTRO', 'humble'), ('LOGNAME', 'ffelix07'), ('_', '/usr/bin/colcon'), ('ROS_VERSION', '2'), ('XDG_CONFIG_DIRS_VSCODE_SNAP_ORIG', '/etc/xdg/xdg-ubuntu:/etc/xdg'), ('XDG_SESSION_CLASS', 'user'), ('XDG_DATA_DIRS_VSCODE_SNAP_ORIG', '/usr/share/ubuntu:/usr/local/share/:/usr/share/:/var/lib/snapd/desktop'), ('USERNAME', 'ffelix07'), ('TERM', 'xterm-256color'), ('GNOME_DESKTOP_SESSION_ID', 'this-is-deprecated'), ('ROS_LOCALHOST_ONLY', '0'), ('PATH', '/home/ffelix07/miniconda3/bin:/home/ffelix07/miniconda3/bin:/opt/ros/humble/bin:/home/ffelix07/.local/bin:/home/ffelix07/bin:/usr/local/sbin:/usr/local/bin:/usr/sbin:/usr/bin:/sbin:/bin:/usr/games:/usr/local/games:/snap/bin:/snap/bin'), ('SESSION_MANAGER', 'local/ffelix07-X541NA:@/tmp/.ICE-unix/1727,unix/ffelix07-X541NA:/tmp/.ICE-unix/1727'), ('GTK_EXE_PREFIX', '/snap/code/143/usr'), ('XDG_MENU_PREFIX', 'gnome-'), ('GNOME_TERMINAL_SCREEN', '/org/gnome/Terminal/screen/63ed2d75_9aec_4cb2_aa9e_92d927ec6c87'), ('GNOME_SETUP_DISPLAY', ':1'), ('XDG_RUNTIME_DIR', '/run/user/1000'), ('GDK_BACKEND', 'x11'), ('DISPLAY', ':0'), ('LOCPATH', '/snap/code/143/usr/lib/locale'), ('LANG', 'en_US.UTF-8'), ('XDG_CURRENT_DESKTOP', 'Unity'), ('GIO_MODULE_DIR_VSCODE_SNAP_ORIG', ''), ('XMODIFIERS', '@im=ibus'), ('XDG_SESSION_DESKTOP', 'ubuntu'), ('XAUTHORITY', '/run/user/1000/.mutter-Xwaylandauth.EMB3C2'), ('LS_COLORS', 'rs=0:di=01;34:ln=01;36:mh=00:pi=40;33:so=01;35:do=01;35:bd=40;33;01:cd=40;33;01:or=40;31;01:mi=00:su=37;41:sg=30;43:ca=30;41:tw=30;42:ow=34;42:st=37;44:ex=01;32:*.tar=01;31:*.tgz=01;31:*.arc=01;31:*.arj=01;31:*.taz=01;31:*.lha=01;31:*.lz4=01;31:*.lzh=01;31:*.lzma=01;31:*.tlz=01;31:*.txz=01;31:*.tzo=01;31:*.t7z=01;31:*.zip=01;31:*.z=01;31:*.dz=01;31:*.gz=01;31:*.lrz=01;31:*.lz=01;31:*.lzo=01;31:*.xz=01;31:*.zst=01;31:*.tzst=01;31:*.bz2=01;31:*.bz=01;31:*.tbz=01;31:*.tbz2=01;31:*.tz=01;31:*.deb=01;31:*.rpm=01;31:*.jar=01;31:*.war=01;31:*.ear=01;31:*.sar=01;31:*.rar=01;31:*.alz=01;31:*.ace=01;31:*.zoo=01;31:*.cpio=01;31:*.7z=01;31:*.rz=01;31:*.cab=01;31:*.wim=01;31:*.swm=01;31:*.dwm=01;31:*.esd=01;31:*.jpg=01;35:*.jpeg=01;35:*.mjpg=01;35:*.mjpeg=01;35:*.gif=01;35:*.bmp=01;35:*.pbm=01;35:*.pgm=01;35:*.ppm=01;35:*.tga=01;35:*.xbm=01;35:*.xpm=01;35:*.tif=01;35:*.tiff=01;35:*.png=01;35:*.svg=01;35:*.svgz=01;35:*.mng=01;35:*.pcx=01;35:*.mov=01;35:*.mpg=01;35:*.mpeg=01;35:*.m2v=01;35:*.mkv=01;35:*.webm=01;35:*.webp=01;35:*.ogm=01;35:*.mp4=01;35:*.m4v=01;35:*.mp4v=01;35:*.vob=01;35:*.qt=01;35:*.nuv=01;35:*.wmv=01;35:*.asf=01;35:*.rm=01;35:*.rmvb=01;35:*.flc=01;35:*.avi=01;35:*.fli=01;35:*.flv=01;35:*.gl=01;35:*.dl=01;35:*.xcf=01;35:*.xwd=01;35:*.yuv=01;35:*.cgm=01;35:*.emf=01;35:*.ogv=01;35:*.ogx=01;35:*.aac=00;36:*.au=00;36:*.flac=00;36:*.m4a=00;36:*.mid=00;36:*.midi=00;36:*.mka=00;36:*.mp3=00;36:*.mpc=00;36:*.ogg=00;36:*.ra=00;36:*.wav=00;36:*.oga=00;36:*.opus=00;36:*.spx=00;36:*.xspf=00;36:'), ('VSCODE_GIT_IPC_HANDLE', '/run/user/1000/vscode-git-eb6f49cb36.sock'), ('GNOME_TERMINAL_SERVICE', ':1.348'), ('TERM_PROGRAM', 'vscode'), ('SSH_AGENT_LAUNCHER', 'gnome-keyring'), ('SSH_AUTH_SOCK', '/run/user/1000/keyring/ssh'), ('GSETTINGS_SCHEMA_DIR', '/home/ffelix07/snap/code/143/.local/share/glib-2.0/schemas'), ('AMENT_PREFIX_PATH', '/opt/ros/humble'), ('ORIGINAL_XDG_CURRENT_DESKTOP', 'ubuntu:GNOME'), ('SHELL', '/bin/bash'), ('QT_ACCESSIBILITY', '1'), ('GDMSESSION', 'ubuntu'), ('LESSCLOSE', '/usr/bin/lesspipe %s %s'), ('GTK_PATH_VSCODE_SNAP_ORIG', ''), ('GTK_IM_MODULE_FILE_VSCODE_SNAP_ORIG', ''), ('VSCODE_GIT_ASKPASS_EXTRA_ARGS', '--ms-enable-electron-run-as-node'), ('QT_IM_MODULE', 'ibus'), ('PWD', '/home/ffelix07/Documents/LabRemo/Orchestrator/ros2_labremoto/build/my_mas'), ('LC_ALL', 'en_US.UTF-8'), ('XDG_CONFIG_DIRS', '/etc/xdg/xdg-ubuntu:/etc/xdg'), ('DBUS_STARTER_ADDRESS', 'unix:path=/run/user/1000/bus,guid=81e6e8b0141c6ce95dfd36cd6532affa'), ('XDG_DATA_DIRS', '/home/ffelix07/snap/code/143/.local/share:/home/ffelix07/snap/code/143:/snap/code/143/usr/share:/usr/share/ubuntu:/usr/local/share/:/usr/share/:/var/lib/snapd/desktop'), ('PYTHONPATH', '/opt/ros/humble/lib/python3.10/site-packages:/opt/ros/humble/local/lib/python3.10/dist-packages'), ('COLCON', '1'), ('VTE_VERSION', '6800'), ('CMAKE_PREFIX_PATH', '/opt/ros/humble')]), 'shell': False}
[0.299958] (-) TimerEvent: {}
[0.400599] (-) TimerEvent: {}
[0.501191] (-) TimerEvent: {}
[0.601786] (-) TimerEvent: {}
[0.702382] (-) TimerEvent: {}
[0.705057] (my_mas) StdoutLine: {'line': b'-- The C compiler identification is GNU 11.4.0\n'}
[0.802630] (-) TimerEvent: {}
[0.903182] (-) TimerEvent: {}
[1.003783] (-) TimerEvent: {}
[1.009865] (my_mas) StdoutLine: {'line': b'-- The CXX compiler identification is GNU 11.4.0\n'}
[1.042919] (my_mas) StdoutLine: {'line': b'-- Detecting C compiler ABI info\n'}
[1.104072] (-) TimerEvent: {}
[1.204647] (-) TimerEvent: {}
[1.260297] (my_mas) StdoutLine: {'line': b'-- Detecting C compiler ABI info - done\n'}
[1.281879] (my_mas) StdoutLine: {'line': b'-- Check for working C compiler: /usr/bin/cc - skipped\n'}
[1.282929] (my_mas) StdoutLine: {'line': b'-- Detecting C compile features\n'}
[1.284788] (my_mas) StdoutLine: {'line': b'-- Detecting C compile features - done\n'}
[1.293889] (my_mas) StdoutLine: {'line': b'-- Detecting CXX compiler ABI info\n'}
[1.304880] (-) TimerEvent: {}
[1.405539] (-) TimerEvent: {}
[1.506176] (-) TimerEvent: {}
[1.529666] (my_mas) StdoutLine: {'line': b'-- Detecting CXX compiler ABI info - done\n'}
[1.552965] (my_mas) StdoutLine: {'line': b'-- Check for working CXX compiler: /usr/bin/c++ - skipped\n'}
[1.553624] (my_mas) StdoutLine: {'line': b'-- Detecting CXX compile features\n'}
[1.554899] (my_mas) StdoutLine: {'line': b'-- Detecting CXX compile features - done\n'}
[1.576425] (my_mas) StdoutLine: {'line': b'-- Found ament_cmake: 1.3.5 (/opt/ros/humble/share/ament_cmake/cmake)\n'}
[1.606390] (-) TimerEvent: {}
[1.707072] (-) TimerEvent: {}
[1.807609] (-) TimerEvent: {}
[1.908852] (-) TimerEvent: {}
[2.009524] (-) TimerEvent: {}
[2.110301] (-) TimerEvent: {}
[2.116367] (my_mas) StdoutLine: {'line': b'-- Found Python3: /usr/bin/python3.10 (found version "3.10.12") found components: Interpreter \n'}
[2.210543] (-) TimerEvent: {}
[2.311115] (-) TimerEvent: {}
[2.406672] (my_mas) StdoutLine: {'line': b'-- Found rosidl_default_generators: 1.2.0 (/opt/ros/humble/share/rosidl_default_generators/cmake)\n'}
[2.411309] (-) TimerEvent: {}
[2.417618] (my_mas) StdoutLine: {'line': b'-- Using all available rosidl_typesupport_c: rosidl_typesupport_fastrtps_c;rosidl_typesupport_introspection_c\n'}
[2.441135] (my_mas) StdoutLine: {'line': b'-- Found rosidl_adapter: 3.1.5 (/opt/ros/humble/share/rosidl_adapter/cmake)\n'}
[2.511511] (-) TimerEvent: {}
[2.573221] (my_mas) StdoutLine: {'line': b'-- Using all available rosidl_typesupport_cpp: rosidl_typesupport_fastrtps_cpp;rosidl_typesupport_introspection_cpp\n'}
[2.611718] (-) TimerEvent: {}
[2.697263] (my_mas) StdoutLine: {'line': b'-- Found geometry_msgs: 4.2.3 (/opt/ros/humble/share/geometry_msgs/cmake)\n'}
[2.711941] (-) TimerEvent: {}
[2.812519] (-) TimerEvent: {}
[2.913148] (-) TimerEvent: {}
[3.013786] (-) TimerEvent: {}
[3.114415] (-) TimerEvent: {}
[3.215060] (-) TimerEvent: {}
[3.315666] (-) TimerEvent: {}
[3.417341] (-) TimerEvent: {}
[3.517941] (-) TimerEvent: {}
[3.618504] (-) TimerEvent: {}
[3.719131] (-) TimerEvent: {}
[3.819940] (-) TimerEvent: {}
[3.920550] (-) TimerEvent: {}
[4.021159] (-) TimerEvent: {}
[4.121753] (-) TimerEvent: {}
[4.222354] (-) TimerEvent: {}
[4.322954] (-) TimerEvent: {}
[4.413500] (my_mas) StdoutLine: {'line': b'-- Found ament_cmake_ros: 0.10.0 (/opt/ros/humble/share/ament_cmake_ros/cmake)\n'}
[4.423140] (-) TimerEvent: {}
[4.523680] (-) TimerEvent: {}
[4.624489] (-) TimerEvent: {}
[4.725092] (-) TimerEvent: {}
[4.825703] (-) TimerEvent: {}
[4.926297] (-) TimerEvent: {}
[5.026937] (-) TimerEvent: {}
[5.127472] (-) TimerEvent: {}
[5.204597] (my_mas) StdoutLine: {'line': b'-- Using all available rosidl_typesupport_c: rosidl_typesupport_fastrtps_c;rosidl_typesupport_introspection_c\n'}
[5.227705] (-) TimerEvent: {}
[5.328254] (-) TimerEvent: {}
[5.428898] (-) TimerEvent: {}
[5.529583] (-) TimerEvent: {}
[5.630244] (-) TimerEvent: {}
[5.730817] (-) TimerEvent: {}
[5.831861] (-) TimerEvent: {}
[5.932463] (-) TimerEvent: {}
[6.033035] (-) TimerEvent: {}
[6.133661] (-) TimerEvent: {}
[6.234294] (-) TimerEvent: {}
[6.258035] (my_mas) StdoutLine: {'line': b'-- Using all available rosidl_typesupport_cpp: rosidl_typesupport_fastrtps_cpp;rosidl_typesupport_introspection_cpp\n'}
[6.327003] (my_mas) StdoutLine: {'line': b'-- Found PythonInterp: /usr/bin/python3 (found suitable version "3.10.12", minimum required is "3.6") \n'}
[6.330574] (my_mas) StdoutLine: {'line': b'-- Found python_cmake_module: 0.10.0 (/opt/ros/humble/share/python_cmake_module/cmake)\n'}
[6.334490] (-) TimerEvent: {}
[6.409986] (my_mas) StdoutLine: {'line': b'-- Found PythonLibs: /usr/lib/x86_64-linux-gnu/libpython3.10.so (found suitable version "3.10.12", minimum required is "3.5") \n'}
[6.410411] (my_mas) StdoutLine: {'line': b'-- Using PYTHON_EXECUTABLE: /usr/bin/python3\n'}
[6.410653] (my_mas) StdoutLine: {'line': b'-- Using PYTHON_INCLUDE_DIRS: /usr/include/python3.10\n'}
[6.410885] (my_mas) StdoutLine: {'line': b'-- Using PYTHON_LIBRARIES: /usr/lib/x86_64-linux-gnu/libpython3.10.so\n'}
[6.434640] (-) TimerEvent: {}
[6.471563] (my_mas) StdoutLine: {'line': b'-- Found PythonExtra: .so  \n'}
[6.534883] (-) TimerEvent: {}
[6.623821] (my_mas) CommandEnded: {'returncode': -2}
[6.632163] (my_mas) StderrLine: {'line': b'Traceback (most recent call last):\n  File "/usr/lib/python3/dist-packages/colcon_parallel_executor/executor/parallel.py", line 75, in execute\n    loop.run_until_complete(future)\n  File "/usr/lib/python3.10/asyncio/base_events.py", line 636, in run_until_complete\n    self.run_forever()\n  File "/usr/lib/python3.10/asyncio/base_events.py", line 603, in run_forever\n    self._run_once()\n  File "/usr/lib/python3.10/asyncio/base_events.py", line 1871, in _run_once\n    event_list = self._selector.select(timeout)\n  File "/usr/lib/python3.10/selectors.py", line 469, in select\n    fd_event_list = self._selector.poll(timeout, max_ev)\nKeyboardInterrupt\n\nDuring handling of the above exception, another exception occurred:\n\nTraceback (most recent call last):\n  File "/usr/lib/python3/dist-packages/colcon_core/executor/__init__.py", line 91, in __call__\n    rc = await self.task(*args, **kwargs)\n  File "/usr/lib/python3/dist-packages/colcon_core/task/__init__.py", line 93, in __call__\n    return await task_method(*args, **kwargs)\n  File "/usr/lib/python3/dist-packages/colcon_ros/task/ament_cmake/build.py", line 59, in build\n    rc = await extension.build(\n  File "/usr/lib/python3/dist-packages/colcon_cmake/task/cmake/build.py", line 87, in build\n    rc = await self._reconfigure(args, env)\n  File "/usr/lib/python3/dist-packages/colcon_cmake/task/cmake/build.py", line 182, in _reconfigure\n    buildfile = get_buildfile(cmake_cache)\n  File "/usr/lib/python3/dist-packages/colcon_cmake/task/cmake/__init__.py", line 114, in get_buildfile\n    if \'Visual Studio\' in generator:\nTypeError: argument of type \'NoneType\' is not iterable\n'}
[6.632698] (my_mas) JobEnded: {'identifier': 'my_mas', 'rc': 'SIGINT'}
[6.635017] (-) TimerEvent: {}
[6.643614] (-) EventReactorShutdown: {}
