[0.000000] (-) TimerEvent: {}
[0.002150] (hardware) JobQueued: {'identifier': 'hardware', 'dependencies': OrderedDict()}
[0.002273] (my_mas) JobQueued: {'identifier': 'my_mas', 'dependencies': OrderedDict()}
[0.002340] (py_pubsub) JobQueued: {'identifier': 'py_pubsub', 'dependencies': OrderedDict([('my_mas', '/home/ffelix07/Documents/LabRemo/install/my_mas')])}
[0.002421] (my_mas) JobStarted: {'identifier': 'my_mas'}
[0.042594] (hardware) JobStarted: {'identifier': 'hardware'}
[0.086977] (my_mas) JobProgress: {'identifier': 'my_mas', 'progress': 'cmake'}
[0.090744] (my_mas) JobProgress: {'identifier': 'my_mas', 'progress': 'build'}
[0.093010] (my_mas) Command: {'cmd': ['/usr/bin/cmake', '--build', '/home/ffelix07/Documents/LabRemo/build/my_mas', '--', '-j4', '-l4'], 'cwd': '/home/ffelix07/Documents/LabRemo/build/my_mas', 'env': OrderedDict([('GJS_DEBUG_TOPICS', 'JS ERROR;JS LOG'), ('LESSOPEN', '| /usr/bin/lesspipe %s'), ('USER', 'ffelix07'), ('GIO_MODULE_DIR', '/home/ffelix07/snap/code/common/.cache/gio-modules'), ('XDG_SESSION_TYPE', 'wayland'), ('GIT_ASKPASS', '/snap/code/140/usr/share/code/resources/app/extensions/git/dist/askpass.sh'), ('GTK_EXE_PREFIX_VSCODE_SNAP_ORIG', ''), ('GDK_BACKEND_VSCODE_SNAP_ORIG', ''), ('SHLVL', '1'), ('LD_LIBRARY_PATH', '/home/ffelix07/Documents/LabRemo/Orchestrator/ros2_labremoto/install/my_mas/lib:/opt/ros/humble/lib/x86_64-linux-gnu:/opt/ros/humble/lib'), ('HOME', '/home/ffelix07'), ('CHROME_DESKTOP', 'code-url-handler.desktop'), ('LOCPATH_VSCODE_SNAP_ORIG', ''), ('TERM_PROGRAM_VERSION', '1.82.2'), ('DESKTOP_SESSION', 'ubuntu'), ('GTK_PATH', '/snap/code/140/usr/lib/x86_64-linux-gnu/gtk-3.0'), ('GTK_IM_MODULE_FILE', '/home/ffelix07/snap/code/common/.cache/immodules/immodules.cache'), ('GIO_LAUNCHED_DESKTOP_FILE', '/var/lib/snapd/desktop/applications/code_code.desktop'), ('ROS_PYTHON_VERSION', '3'), ('GNOME_SHELL_SESSION_MODE', 'ubuntu'), ('GTK_MODULES', 'gail:atk-bridge'), ('GSETTINGS_SCHEMA_DIR_VSCODE_SNAP_ORIG', ''), ('VSCODE_GIT_ASKPASS_MAIN', '/snap/code/140/usr/share/code/resources/app/extensions/git/dist/askpass-main.js'), ('VSCODE_GIT_ASKPASS_NODE', '/snap/code/140/usr/share/code/code'), ('MANAGERPID', '1490'), ('SYSTEMD_EXEC_PID', '1676'), ('IM_CONFIG_CHECK_ENV', '1'), ('DBUS_SESSION_BUS_ADDRESS', 'unix:path=/run/user/1000/bus'), ('COLORTERM', 'truecolor'), ('GIO_LAUNCHED_DESKTOP_FILE_PID', '5450'), ('IM_CONFIG_PHASE', '1'), ('WAYLAND_DISPLAY', 'wayland-0'), ('COLCON_PREFIX_PATH', '/home/ffelix07/Documents/LabRemo/Orchestrator/ros2_labremoto/install'), ('ROS_DISTRO', 'humble'), ('LOGNAME', 'ffelix07'), ('JOURNAL_STREAM', '8:32088'), ('_', '/usr/bin/colcon'), ('ROS_VERSION', '2'), ('XDG_CONFIG_DIRS_VSCODE_SNAP_ORIG', '/etc/xdg/xdg-ubuntu:/etc/xdg'), ('XDG_SESSION_CLASS', 'user'), ('XDG_DATA_DIRS_VSCODE_SNAP_ORIG', '/usr/share/ubuntu:/usr/local/share/:/usr/share/:/var/lib/snapd/desktop'), ('USERNAME', 'ffelix07'), ('TERM', 'xterm-256color'), ('GNOME_DESKTOP_SESSION_ID', 'this-is-deprecated'), ('ROS_LOCALHOST_ONLY', '0'), ('PATH', '/home/ffelix07/bin:/opt/ros/humble/bin:/home/ffelix07/bin:/usr/local/sbin:/usr/local/bin:/usr/sbin:/usr/bin:/sbin:/bin:/usr/games:/usr/local/games:/snap/bin:/snap/bin'), ('SESSION_MANAGER', 'local/ffelix07-X541NA:@/tmp/.ICE-unix/1630,unix/ffelix07-X541NA:/tmp/.ICE-unix/1630'), ('GTK_EXE_PREFIX', '/snap/code/140/usr'), ('INVOCATION_ID', 'b6fa6f7e04c54c3f9370cda37c6b0aca'), ('XDG_MENU_PREFIX', 'gnome-'), ('BAMF_DESKTOP_FILE_HINT', '/var/lib/snapd/desktop/applications/code_code.desktop'), ('GNOME_SETUP_DISPLAY', ':1'), ('XDG_RUNTIME_DIR', '/run/user/1000'), ('GDK_BACKEND', 'x11'), ('DISPLAY', ':0'), ('LOCPATH', '/snap/code/140/usr/lib/locale'), ('LANG', 'en_US.UTF-8'), ('XDG_CURRENT_DESKTOP', 'Unity'), ('GIO_MODULE_DIR_VSCODE_SNAP_ORIG', ''), ('XMODIFIERS', '@im=ibus'), ('XDG_SESSION_DESKTOP', 'ubuntu'), ('XAUTHORITY', '/run/user/1000/.mutter-Xwaylandauth.AH8KB2'), ('LS_COLORS', 'rs=0:di=01;34:ln=01;36:mh=00:pi=40;33:so=01;35:do=01;35:bd=40;33;01:cd=40;33;01:or=40;31;01:mi=00:su=37;41:sg=30;43:ca=30;41:tw=30;42:ow=34;42:st=37;44:ex=01;32:*.tar=01;31:*.tgz=01;31:*.arc=01;31:*.arj=01;31:*.taz=01;31:*.lha=01;31:*.lz4=01;31:*.lzh=01;31:*.lzma=01;31:*.tlz=01;31:*.txz=01;31:*.tzo=01;31:*.t7z=01;31:*.zip=01;31:*.z=01;31:*.dz=01;31:*.gz=01;31:*.lrz=01;31:*.lz=01;31:*.lzo=01;31:*.xz=01;31:*.zst=01;31:*.tzst=01;31:*.bz2=01;31:*.bz=01;31:*.tbz=01;31:*.tbz2=01;31:*.tz=01;31:*.deb=01;31:*.rpm=01;31:*.jar=01;31:*.war=01;31:*.ear=01;31:*.sar=01;31:*.rar=01;31:*.alz=01;31:*.ace=01;31:*.zoo=01;31:*.cpio=01;31:*.7z=01;31:*.rz=01;31:*.cab=01;31:*.wim=01;31:*.swm=01;31:*.dwm=01;31:*.esd=01;31:*.jpg=01;35:*.jpeg=01;35:*.mjpg=01;35:*.mjpeg=01;35:*.gif=01;35:*.bmp=01;35:*.pbm=01;35:*.pgm=01;35:*.ppm=01;35:*.tga=01;35:*.xbm=01;35:*.xpm=01;35:*.tif=01;35:*.tiff=01;35:*.png=01;35:*.svg=01;35:*.svgz=01;35:*.mng=01;35:*.pcx=01;35:*.mov=01;35:*.mpg=01;35:*.mpeg=01;35:*.m2v=01;35:*.mkv=01;35:*.webm=01;35:*.webp=01;35:*.ogm=01;35:*.mp4=01;35:*.m4v=01;35:*.mp4v=01;35:*.vob=01;35:*.qt=01;35:*.nuv=01;35:*.wmv=01;35:*.asf=01;35:*.rm=01;35:*.rmvb=01;35:*.flc=01;35:*.avi=01;35:*.fli=01;35:*.flv=01;35:*.gl=01;35:*.dl=01;35:*.xcf=01;35:*.xwd=01;35:*.yuv=01;35:*.cgm=01;35:*.emf=01;35:*.ogv=01;35:*.ogx=01;35:*.aac=00;36:*.au=00;36:*.flac=00;36:*.m4a=00;36:*.mid=00;36:*.midi=00;36:*.mka=00;36:*.mp3=00;36:*.mpc=00;36:*.ogg=00;36:*.ra=00;36:*.wav=00;36:*.oga=00;36:*.opus=00;36:*.spx=00;36:*.xspf=00;36:'), ('VSCODE_GIT_IPC_HANDLE', '/run/user/1000/vscode-git-ea85886f0b.sock'), ('TERM_PROGRAM', 'vscode'), ('SSH_AGENT_LAUNCHER', 'gnome-keyring'), ('SSH_AUTH_SOCK', '/run/user/1000/keyring/ssh'), ('GSETTINGS_SCHEMA_DIR', '/home/ffelix07/snap/code/140/.local/share/glib-2.0/schemas'), ('AMENT_PREFIX_PATH', '/home/ffelix07/Documents/LabRemo/Orchestrator/ros2_labremoto/install/py_pubsub:/home/ffelix07/Documents/LabRemo/Orchestrator/ros2_labremoto/install/my_mas:/home/ffelix07/Documents/LabRemo/Orchestrator/ros2_labremoto/install/nodes_comunication:/home/ffelix07/Documents/LabRemo/Orchestrator/ros2_labremoto/install/hardware:/opt/ros/humble'), ('ORIGINAL_XDG_CURRENT_DESKTOP', 'ubuntu:GNOME'), ('SHELL', '/bin/bash'), ('QT_ACCESSIBILITY', '1'), ('GDMSESSION', 'ubuntu'), ('LESSCLOSE', '/usr/bin/lesspipe %s %s'), ('GTK_PATH_VSCODE_SNAP_ORIG', ''), ('GTK_IM_MODULE_FILE_VSCODE_SNAP_ORIG', ''), ('GJS_DEBUG_OUTPUT', 'stderr'), ('VSCODE_GIT_ASKPASS_EXTRA_ARGS', '--ms-enable-electron-run-as-node'), ('QT_IM_MODULE', 'ibus'), ('PWD', '/home/ffelix07/Documents/LabRemo/build/my_mas'), ('LC_ALL', 'en_US.UTF-8'), ('XDG_CONFIG_DIRS', '/etc/xdg/xdg-ubuntu:/etc/xdg'), ('XDG_DATA_DIRS', '/home/ffelix07/snap/code/140/.local/share:/home/ffelix07/snap/code/140:/snap/code/140/usr/share:/usr/share/ubuntu:/usr/local/share/:/usr/share/:/var/lib/snapd/desktop'), ('PYTHONPATH', '/home/ffelix07/Documents/LabRemo/Orchestrator/ros2_labremoto/install/py_pubsub/lib/python3.10/site-packages:/home/ffelix07/Documents/LabRemo/Orchestrator/ros2_labremoto/install/my_mas/local/lib/python3.10/dist-packages:/home/ffelix07/Documents/LabRemo/Orchestrator/ros2_labremoto/install/nodes_comunication/lib/python3.10/site-packages:/home/ffelix07/Documents/LabRemo/Orchestrator/ros2_labremoto/install/hardware/lib/python3.10/site-packages:/opt/ros/humble/lib/python3.10/site-packages:/opt/ros/humble/local/lib/python3.10/dist-packages'), ('COLCON', '1'), ('CMAKE_PREFIX_PATH', '/home/ffelix07/Documents/LabRemo/Orchestrator/ros2_labremoto/install/my_mas:/home/ffelix07/Documents/LabRemo/Orchestrator/ros2_labremoto/install/py_pubsub:/home/ffelix07/Documents/LabRemo/Orchestrator/ros2_labremoto/install/nodes_comunication:/home/ffelix07/Documents/LabRemo/Orchestrator/ros2_labremoto/install/hardware:/opt/ros/humble')]), 'shell': False}
[0.103075] (-) TimerEvent: {}
[0.204758] (-) TimerEvent: {}
[0.306319] (-) TimerEvent: {}
[0.407023] (-) TimerEvent: {}
[0.511408] (-) TimerEvent: {}
[0.555395] (my_mas) StdoutLine: {'line': b'\x1b[35m\x1b[1mConsolidate compiler generated dependencies of target my_mas__rosidl_generator_c\x1b[0m\n'}
[0.595602] (my_mas) StdoutLine: {'line': b'[  3%] Built target my_mas__cpp\n'}
[0.611554] (-) TimerEvent: {}
[0.627672] (my_mas) StdoutLine: {'line': b'[ 12%] Built target my_mas__rosidl_generator_c\n'}
[0.646351] (my_mas) StdoutLine: {'line': b'\x1b[35m\x1b[1mConsolidate compiler generated dependencies of target my_mas__rosidl_typesupport_cpp\x1b[0m\n'}
[0.657910] (my_mas) StdoutLine: {'line': b'\x1b[35m\x1b[1mConsolidate compiler generated dependencies of target my_mas__rosidl_typesupport_fastrtps_cpp\x1b[0m\n'}
[0.663738] (my_mas) StdoutLine: {'line': b'[ 12%] Built target ament_cmake_python_copy_my_mas\n'}
[0.704234] (my_mas) StdoutLine: {'line': b'\x1b[35m\x1b[1mConsolidate compiler generated dependencies of target my_mas__rosidl_typesupport_introspection_cpp\x1b[0m\n'}
[0.707140] (my_mas) StdoutLine: {'line': b'\x1b[35m\x1b[1mConsolidate compiler generated dependencies of target my_mas__rosidl_typesupport_fastrtps_c\x1b[0m\n'}
[0.711926] (-) TimerEvent: {}
[0.712910] (my_mas) StdoutLine: {'line': b'[ 22%] Built target my_mas__rosidl_typesupport_fastrtps_cpp\n'}
[0.737798] (my_mas) StdoutLine: {'line': b'[ 32%] Built target my_mas__rosidl_typesupport_cpp\n'}
[0.754901] (my_mas) StdoutLine: {'line': b'[ 41%] Built target my_mas__rosidl_typesupport_fastrtps_c\n'}
[0.762829] (my_mas) StdoutLine: {'line': b'[ 51%] Built target my_mas__rosidl_typesupport_introspection_cpp\n'}
[0.776942] (my_mas) StdoutLine: {'line': b'\x1b[35m\x1b[1mConsolidate compiler generated dependencies of target my_mas__rosidl_typesupport_introspection_c\x1b[0m\n'}
[0.791586] (my_mas) StdoutLine: {'line': b'\x1b[35m\x1b[1mConsolidate compiler generated dependencies of target my_mas__rosidl_typesupport_c\x1b[0m\n'}
[0.812568] (-) TimerEvent: {}
[0.831825] (my_mas) StdoutLine: {'line': b'[ 61%] Built target my_mas__rosidl_typesupport_c\n'}
[0.839450] (my_mas) StdoutLine: {'line': b'[ 70%] Built target my_mas__rosidl_typesupport_introspection_c\n'}
[0.904435] (my_mas) StdoutLine: {'line': b'[ 70%] Built target my_mas\n'}
[0.912732] (-) TimerEvent: {}
[0.979355] (my_mas) StdoutLine: {'line': b'[ 74%] Built target my_mas__py\n'}
[1.012930] (-) TimerEvent: {}
[1.037739] (my_mas) StdoutLine: {'line': b'\x1b[35m\x1b[1mConsolidate compiler generated dependencies of target my_mas__rosidl_generator_py\x1b[0m\n'}
[1.113104] (-) TimerEvent: {}
[1.119217] (my_mas) StdoutLine: {'line': b'[ 80%] Built target my_mas__rosidl_generator_py\n'}
[1.179898] (my_mas) StdoutLine: {'line': b'\x1b[35m\x1b[1mConsolidate compiler generated dependencies of target my_mas__rosidl_typesupport_introspection_c__pyext\x1b[0m\n'}
[1.195078] (my_mas) StdoutLine: {'line': b'\x1b[35m\x1b[1mConsolidate compiler generated dependencies of target my_mas__rosidl_typesupport_fastrtps_c__pyext\x1b[0m\n'}
[1.213300] (-) TimerEvent: {}
[1.233487] (my_mas) StdoutLine: {'line': b'\x1b[35m\x1b[1mConsolidate compiler generated dependencies of target my_mas__rosidl_typesupport_c__pyext\x1b[0m\n'}
[1.261914] (my_mas) StdoutLine: {'line': b'[ 87%] Built target my_mas__rosidl_typesupport_introspection_c__pyext\n'}
[1.286095] (my_mas) StdoutLine: {'line': b'[ 93%] Built target my_mas__rosidl_typesupport_fastrtps_c__pyext\n'}
[1.311787] (my_mas) StdoutLine: {'line': b'[100%] Built target my_mas__rosidl_typesupport_c__pyext\n'}
[1.313614] (-) TimerEvent: {}
[1.414398] (-) TimerEvent: {}
[1.515119] (-) TimerEvent: {}
[1.615832] (-) TimerEvent: {}
[1.716477] (-) TimerEvent: {}
[1.817188] (-) TimerEvent: {}
[1.865235] (my_mas) StdoutLine: {'line': b'running egg_info\n'}
[1.867007] (my_mas) StdoutLine: {'line': b'writing my_mas.egg-info/PKG-INFO\n'}
[1.867890] (my_mas) StdoutLine: {'line': b'writing dependency_links to my_mas.egg-info/dependency_links.txt\n'}
[1.868647] (my_mas) StdoutLine: {'line': b'writing top-level names to my_mas.egg-info/top_level.txt\n'}
[1.877595] (my_mas) StdoutLine: {'line': b"reading manifest file 'my_mas.egg-info/SOURCES.txt'\n"}
[1.879738] (my_mas) StdoutLine: {'line': b"writing manifest file 'my_mas.egg-info/SOURCES.txt'\n"}
[1.917438] (-) TimerEvent: {}
[1.969689] (my_mas) StdoutLine: {'line': b'[100%] Built target ament_cmake_python_build_my_mas_egg\n'}
[1.997205] (my_mas) CommandEnded: {'returncode': 0}
[2.017611] (-) TimerEvent: {}
[2.118203] (-) TimerEvent: {}
[2.173173] (my_mas) StderrLine: {'line': b'Traceback (most recent call last):\n  File "/usr/lib/python3/dist-packages/colcon_parallel_executor/executor/parallel.py", line 67, in execute\n    loop.run_until_complete(future)\n  File "/usr/lib/python3.10/asyncio/base_events.py", line 636, in run_until_complete\n    self.run_forever()\n  File "/usr/lib/python3.10/asyncio/base_events.py", line 603, in run_forever\n    self._run_once()\n  File "/usr/lib/python3.10/asyncio/base_events.py", line 1909, in _run_once\n    handle._run()\n  File "/usr/lib/python3.10/asyncio/events.py", line 80, in _run\n    self._context.run(self._callback, *self._args)\n  File "/usr/lib/python3.10/asyncio/unix_events.py", line 511, in _read_ready\n    self._protocol.data_received(data)\n  File "/usr/lib/python3.10/asyncio/base_subprocess.py", line 285, in data_received\n    self.proc._pipe_data_received(self.fd, data)\n  File "/usr/lib/python3.10/asyncio/base_subprocess.py", line 205, in _pipe_data_received\n    self._call(self._protocol.pipe_data_received, fd, data)\n  File "/usr/lib/python3.10/asyncio/base_subprocess.py", line 194, in _call\n    def _call(self, cb, *data):\nKeyboardInterrupt\n\nDuring handling of the above exception, another exception occurred:\n\nTraceback (most recent call last):\n  File "/usr/lib/python3/dist-packages/colcon_core/executor/__init__.py", line 91, in __call__\n    rc = await self.task(*args, **kwargs)\n  File "/usr/lib/python3/dist-packages/colcon_core/task/__init__.py", line 93, in __call__\n    return await task_method(*args, **kwargs)\n  File "/usr/lib/python3/dist-packages/colcon_ros/task/ament_cmake/build.py", line 59, in build\n    rc = await extension.build(\n  File "/usr/lib/python3/dist-packages/colcon_cmake/task/cmake/build.py", line 110, in build\n    if await has_target(args.build_base, \'install\'):\n  File "/usr/lib/python3/dist-packages/colcon_cmake/task/cmake/__init__.py", line 57, in has_target\n    return target in await get_makefile_targets(path)\n  File "/usr/lib/python3/dist-packages/colcon_cmake/task/cmake/__init__.py", line 77, in get_makefile_targets\n    output = await check_output([\n  File "/usr/lib/python3/dist-packages/colcon_core/subprocess.py", line 128, in check_output\n    assert not rc, f\'Expected {args} to pass: {stderr_data}\'\nAssertionError: Expected [\'/usr/bin/cmake\', \'--build\', \'/home/ffelix07/Documents/LabRemo/build/my_mas\', \'--target\', \'help\'] to pass: gmake: *** [Makefile:726: help] Interrupt\n\n'}
[2.173844] (my_mas) JobEnded: {'identifier': 'my_mas', 'rc': 'SIGINT'}
[2.218485] (-) TimerEvent: {}
[2.221044] (hardware) JobEnded: {'identifier': 'hardware', 'rc': 'SIGINT'}
[2.223754] (py_pubsub) JobSkipped: {'identifier': 'py_pubsub'}
[2.223939] (-) EventReactorShutdown: {}
