-- Found ament_cmake: 1.3.5 (/opt/ros/humble/share/ament_cmake/cmake)
-- Found rosidl_default_generators: 1.2.0 (/opt/ros/humble/share/rosidl_default_generators/cmake)
-- Using all available rosidl_typesupport_c: rosidl_typesupport_fastrtps_c;rosidl_typesupport_introspection_c
-- Found rosidl_adapter: 3.1.5 (/opt/ros/humble/share/rosidl_adapter/cmake)
-- Using all available rosidl_typesupport_cpp: rosidl_typesupport_fastrtps_cpp;rosidl_typesupport_introspection_cpp
-- Found geometry_msgs: 4.2.3 (/opt/ros/humble/share/geometry_msgs/cmake)
-- Found ament_cmake_ros: 0.10.0 (/opt/ros/humble/share/ament_cmake_ros/cmake)
-- Using all available rosidl_typesupport_c: rosidl_typesupport_fastrtps_c;rosidl_typesupport_introspection_c
-- Using all available rosidl_typesupport_cpp: rosidl_typesupport_fastrtps_cpp;rosidl_typesupport_introspection_cpp
-- Found python_cmake_module: 0.10.0 (/opt/ros/humble/share/python_cmake_module/cmake)
-- Using PYTHON_EXECUTABLE: /usr/bin/python3
-- Using PYTHON_INCLUDE_DIRS: /usr/include/python3.10
-- Using PYTHON_LIBRARIES: /usr/lib/x86_64-linux-gnu/libpython3.10.so
-- Configuring done
-- Generating done
-- Build files have been written to: /home/ffelix07/Documents/LabRemo/Orchestrator/ros2_labremoto/build/my_mas
[  1%] [34m[1mGenerating C code for ROS interfaces[0m
[  3%] [34m[1mGenerating C++ code for ROS interfaces[0m
[  3%] Built target ament_cmake_python_copy_my_mas
running egg_info
writing my_mas.egg-info/PKG-INFO
writing dependency_links to my_mas.egg-info/dependency_links.txt
writing top-level names to my_mas.egg-info/top_level.txt
reading manifest file 'my_mas.egg-info/SOURCES.txt'
writing manifest file 'my_mas.egg-info/SOURCES.txt'
[  3%] Built target ament_cmake_python_build_my_mas_egg
[35m[1mConsolidate compiler generated dependencies of target my_mas__rosidl_generator_c[0m
[  4%] [32mBuilding C object CMakeFiles/my_mas__rosidl_generator_c.dir/rosidl_generator_c/my_mas/msg/detail/sensor_measurment__functions.c.o[0m
[  6%] [32mBuilding C object CMakeFiles/my_mas__rosidl_generator_c.dir/rosidl_generator_c/my_mas/srv/detail/load_file__functions.c.o[0m
[  7%] Built target my_mas__cpp
[  7%] [32mBuilding C object CMakeFiles/my_mas__rosidl_generator_c.dir/rosidl_generator_c/my_mas/msg/detail/auditor_msg__functions.c.o[0m
[  9%] [34m[1mGenerating C++ type support dispatch for ROS interfaces[0m
In file included from [01m[K/home/ffelix07/Documents/LabRemo/Orchestrator/ros2_labremoto/build/my_mas/rosidl_generator_c/my_mas/msg/detail/auditor_msg__functions.h:19[m[K,
                 from [01m[K/home/ffelix07/Documents/LabRemo/Orchestrator/ros2_labremoto/build/my_mas/rosidl_generator_c/my_mas/msg/detail/auditor_msg__functions.c:4[m[K:
[01m[K/home/ffelix07/Documents/LabRemo/Orchestrator/ros2_labremoto/build/my_mas/rosidl_generator_c/my_mas/msg/detail/auditor_msg__struct.h:25:10:[m[K [01;31m[Kfatal error: [m[Kmy_mas/msg/detail/time__struct.h: No such file or directory
   25 | #include [01;31m[K"my_mas/msg/detail/time__struct.h"[m[K
      |          [01;31m[K^~~~~~~~~~~~~~~~~~~~~~~~~~~~~~~~~~[m[K
compilation terminated.
gmake[2]: *** [CMakeFiles/my_mas__rosidl_generator_c.dir/build.make:249: CMakeFiles/my_mas__rosidl_generator_c.dir/rosidl_generator_c/my_mas/msg/detail/auditor_msg__functions.c.o] Error 1
gmake[2]: *** Waiting for unfinished jobs....
[ 11%] [34m[1mGenerating C++ type support for eProsima Fast-RTPS[0m
gmake[1]: *** [CMakeFiles/Makefile2:213: CMakeFiles/my_mas__rosidl_generator_c.dir/all] Error 2
gmake[1]: *** Waiting for unfinished jobs....
[ 12%] [34m[1mGenerating C++ introspection for ROS interfaces[0m
[35m[1mConsolidate compiler generated dependencies of target my_mas__rosidl_typesupport_cpp[0m
[ 14%] [32mBuilding CXX object CMakeFiles/my_mas__rosidl_typesupport_cpp.dir/rosidl_typesupport_cpp/my_mas/msg/sensor_measurment__type_support.cpp.o[0m
[ 15%] [32mBuilding CXX object CMakeFiles/my_mas__rosidl_typesupport_cpp.dir/rosidl_typesupport_cpp/my_mas/msg/auditor_msg__type_support.cpp.o[0m
In file included from [01m[K/home/ffelix07/Documents/LabRemo/Orchestrator/ros2_labremoto/build/my_mas/rosidl_typesupport_cpp/my_mas/msg/auditor_msg__type_support.cpp:7[m[K:
[01m[K/home/ffelix07/Documents/LabRemo/Orchestrator/ros2_labremoto/build/my_mas/rosidl_generator_cpp/my_mas/msg/detail/auditor_msg__struct.hpp:20:10:[m[K [01;31m[Kfatal error: [m[Kmy_mas/msg/detail/time__struct.hpp: No such file or directory
   20 | #include [01;31m[K"my_mas/msg/detail/time__struct.hpp"[m[K
      |          [01;31m[K^~~~~~~~~~~~~~~~~~~~~~~~~~~~~~~~~~~~[m[K
compilation terminated.
gmake[2]: *** [CMakeFiles/my_mas__rosidl_typesupport_cpp.dir/build.make:182: CMakeFiles/my_mas__rosidl_typesupport_cpp.dir/rosidl_typesupport_cpp/my_mas/msg/auditor_msg__type_support.cpp.o] Error 1
gmake[2]: *** Waiting for unfinished jobs....
[35m[1mConsolidate compiler generated dependencies of target my_mas__rosidl_typesupport_introspection_cpp[0m
[ 17%] [32mBuilding CXX object CMakeFiles/my_mas__rosidl_typesupport_introspection_cpp.dir/rosidl_typesupport_introspection_cpp/my_mas/msg/detail/sensor_measurment__type_support.cpp.o[0m
[ 19%] [32mBuilding CXX object CMakeFiles/my_mas__rosidl_typesupport_introspection_cpp.dir/rosidl_typesupport_introspection_cpp/my_mas/msg/detail/auditor_msg__type_support.cpp.o[0m
[35m[1mConsolidate compiler generated dependencies of target my_mas__rosidl_typesupport_fastrtps_cpp[0m
[ 20%] [32mBuilding CXX object CMakeFiles/my_mas__rosidl_typesupport_fastrtps_cpp.dir/rosidl_typesupport_fastrtps_cpp/my_mas/msg/detail/dds_fastrtps/sensor_measurment__type_support.cpp.o[0m
In file included from [01m[K/home/ffelix07/Documents/LabRemo/Orchestrator/ros2_labremoto/build/my_mas/rosidl_typesupport_introspection_cpp/my_mas/msg/detail/auditor_msg__type_support.cpp:12[m[K:
[01m[K/home/ffelix07/Documents/LabRemo/Orchestrator/ros2_labremoto/build/my_mas/rosidl_generator_cpp/my_mas/msg/detail/auditor_msg__struct.hpp:20:10:[m[K [01;31m[Kfatal error: [m[Kmy_mas/msg/detail/time__struct.hpp: No such file or directory
   20 | #include [01;31m[K"my_mas/msg/detail/time__struct.hpp"[m[K
      |          [01;31m[K^~~~~~~~~~~~~~~~~~~~~~~~~~~~~~~~~~~~[m[K
compilation terminated.
gmake[2]: *** [CMakeFiles/my_mas__rosidl_typesupport_introspection_cpp.dir/build.make:199: CMakeFiles/my_mas__rosidl_typesupport_introspection_cpp.dir/rosidl_typesupport_introspection_cpp/my_mas/msg/detail/auditor_msg__type_support.cpp.o] Error 1
gmake[2]: *** Waiting for unfinished jobs....
[ 22%] [32mBuilding CXX object CMakeFiles/my_mas__rosidl_typesupport_fastrtps_cpp.dir/rosidl_typesupport_fastrtps_cpp/my_mas/msg/detail/dds_fastrtps/auditor_msg__type_support.cpp.o[0m
gmake[1]: *** [CMakeFiles/Makefile2:395: CMakeFiles/my_mas__rosidl_typesupport_cpp.dir/all] Error 2
In file included from [01m[K/home/ffelix07/Documents/LabRemo/Orchestrator/ros2_labremoto/build/my_mas/rosidl_typesupport_fastrtps_cpp/my_mas/msg/detail/auditor_msg__rosidl_typesupport_fastrtps_cpp.hpp:11[m[K,
                 from [01m[K/home/ffelix07/Documents/LabRemo/Orchestrator/ros2_labremoto/build/my_mas/rosidl_typesupport_fastrtps_cpp/my_mas/msg/detail/dds_fastrtps/auditor_msg__type_support.cpp:4[m[K:
[01m[K/home/ffelix07/Documents/LabRemo/Orchestrator/ros2_labremoto/build/my_mas/rosidl_generator_cpp/my_mas/msg/detail/auditor_msg__struct.hpp:20:10:[m[K [01;31m[Kfatal error: [m[Kmy_mas/msg/detail/time__struct.hpp: No such file or directory
   20 | #include [01;31m[K"my_mas/msg/detail/time__struct.hpp"[m[K
      |          [01;31m[K^~~~~~~~~~~~~~~~~~~~~~~~~~~~~~~~~~~~[m[K
compilation terminated.
[ 23%] [32mBuilding CXX object CMakeFiles/my_mas__rosidl_typesupport_fastrtps_cpp.dir/rosidl_typesupport_fastrtps_cpp/my_mas/srv/detail/dds_fastrtps/load_file__type_support.cpp.o[0m
gmake[2]: *** [CMakeFiles/my_mas__rosidl_typesupport_fastrtps_cpp.dir/build.make:199: CMakeFiles/my_mas__rosidl_typesupport_fastrtps_cpp.dir/rosidl_typesupport_fastrtps_cpp/my_mas/msg/detail/dds_fastrtps/auditor_msg__type_support.cpp.o] Error 1
gmake[2]: *** Waiting for unfinished jobs....
gmake[1]: *** [CMakeFiles/Makefile2:369: CMakeFiles/my_mas__rosidl_typesupport_introspection_cpp.dir/all] Error 2
gmake[1]: *** [CMakeFiles/Makefile2:343: CMakeFiles/my_mas__rosidl_typesupport_fastrtps_cpp.dir/all] Error 2
gmake: *** [Makefile:146: all] Error 2
