[0.005s] Invoking command in '/home/trabajo/LabRemo/Orchestrator/ros2_labremoto/build/examples_rclcpp_cbg_executor': CMAKE_PREFIX_PATH=/opt/ros/humble LANG=en_US.UTF-8 /usr/bin/cmake /home/trabajo/LabRemo/Orchestrator/ros2_labremoto/src/examples/rclcpp/executors/cbg_executor -DCMAKE_INSTALL_PREFIX=/home/trabajo/LabRemo/Orchestrator/ros2_labremoto/install/examples_rclcpp_cbg_executor
[0.041s] -- The C compiler identification is GNU 11.4.0
[0.079s] -- The CXX compiler identification is GNU 11.4.0
[0.084s] -- Detecting C compiler ABI info
[0.127s] -- Detecting C compiler ABI info - done
[0.132s] -- Check for working C compiler: /usr/bin/cc - skipped
[0.132s] -- Detecting C compile features
[0.133s] -- Detecting C compile features - done
[0.135s] -- Detecting CXX compiler ABI info
[0.188s] -- Detecting CXX compiler ABI info - done
[0.193s] -- Check for working CXX compiler: /usr/bin/c++ - skipped
[0.194s] -- Detecting CXX compile features
[0.194s] -- Detecting CXX compile features - done
[0.196s] -- Found ament_cmake: 1.3.5 (/opt/ros/humble/share/ament_cmake/cmake)
[0.307s] -- Found Python3: /usr/bin/python3.10 (found version "3.10.12") found components: Interpreter 
[0.360s] -- Found rclcpp: 16.0.5 (/opt/ros/humble/share/rclcpp/cmake)
[0.386s] -- Found rosidl_generator_c: 3.1.5 (/opt/ros/humble/share/rosidl_generator_c/cmake)
[0.389s] -- Found rosidl_adapter: 3.1.5 (/opt/ros/humble/share/rosidl_adapter/cmake)
[0.394s] -- Found rosidl_generator_cpp: 3.1.5 (/opt/ros/humble/share/rosidl_generator_cpp/cmake)
[0.403s] -- Using all available rosidl_typesupport_c: rosidl_typesupport_fastrtps_c;rosidl_typesupport_introspection_c
[0.416s] -- Using all available rosidl_typesupport_cpp: rosidl_typesupport_fastrtps_cpp;rosidl_typesupport_introspection_cpp
[0.466s] -- Found rmw_implementation_cmake: 6.1.1 (/opt/ros/humble/share/rmw_implementation_cmake/cmake)
[0.467s] -- Found rmw_fastrtps_cpp: 6.2.3 (/opt/ros/humble/share/rmw_fastrtps_cpp/cmake)
[0.521s] -- Found OpenSSL: /usr/lib/x86_64-linux-gnu/libcrypto.so (found version "3.0.2")  
[0.535s] -- Found FastRTPS: /opt/ros/humble/include  
[0.562s] -- Using RMW implementation 'rmw_fastrtps_cpp' as default
[0.568s] -- Looking for pthread.h
[0.613s] -- Looking for pthread.h - found
[0.614s] -- Performing Test CMAKE_HAVE_LIBC_PTHREAD
[0.659s] -- Performing Test CMAKE_HAVE_LIBC_PTHREAD - Success
[0.660s] -- Found Threads: TRUE  
[0.777s] -- Found ament_lint_auto: 0.12.7 (/opt/ros/humble/share/ament_lint_auto/cmake)
[0.831s] -- Added test 'copyright' to check source files copyright and LICENSE
[0.833s] -- Added test 'cppcheck' to perform static code analysis on C / C++ code
[0.833s] -- Configured cppcheck include dirs: /home/trabajo/LabRemo/Orchestrator/ros2_labremoto/src/examples/rclcpp/executors/cbg_executor/include
[0.833s] -- Configured cppcheck exclude dirs and/or files: 
[0.834s] -- Added test 'cpplint' to check C / C++ code against the Google style
[0.834s] -- Configured cpplint exclude dirs and/or files: 
[0.835s] -- Added test 'lint_cmake' to check CMake code style
[0.836s] -- Added test 'uncrustify' to check C / C++ code style
[0.836s] -- Configured uncrustify additional arguments: 
[0.836s] -- Added test 'xmllint' to check XML markup files
[0.838s] -- Configuring done
[0.848s] -- Generating done
[0.849s] -- Build files have been written to: /home/trabajo/LabRemo/Orchestrator/ros2_labremoto/build/examples_rclcpp_cbg_executor
[0.857s] Invoked command in '/home/trabajo/LabRemo/Orchestrator/ros2_labremoto/build/examples_rclcpp_cbg_executor' returned '0': CMAKE_PREFIX_PATH=/opt/ros/humble LANG=en_US.UTF-8 /usr/bin/cmake /home/trabajo/LabRemo/Orchestrator/ros2_labremoto/src/examples/rclcpp/executors/cbg_executor -DCMAKE_INSTALL_PREFIX=/home/trabajo/LabRemo/Orchestrator/ros2_labremoto/install/examples_rclcpp_cbg_executor
[0.857s] Invoking command in '/home/trabajo/LabRemo/Orchestrator/ros2_labremoto/build/examples_rclcpp_cbg_executor': CMAKE_PREFIX_PATH=/opt/ros/humble LANG=en_US.UTF-8 /usr/bin/cmake --build /home/trabajo/LabRemo/Orchestrator/ros2_labremoto/build/examples_rclcpp_cbg_executor -- -j1 -l1
[0.886s] [ 10%] [32mBuilding CXX object CMakeFiles/ping.dir/src/ping.cpp.o[0m
[2.855s] [ 20%] [32mBuilding CXX object CMakeFiles/ping.dir/src/examples_rclcpp_cbg_executor/ping_node.cpp.o[0m
[3.102s] gmake[2]: *** wait: No child processes.  Stop.
[3.103s] gmake[2]: *** Waiting for unfinished jobs....
[3.103s] gmake[2]: *** wait: No child processes.  Stop.
[3.103s] gmake[1]: *** [CMakeFiles/Makefile2:141: CMakeFiles/ping.dir/all] Error 2
[3.103s] gmake: *** [Makefile:146: all] Interrupt
[3.106s] Invoked command in '/home/trabajo/LabRemo/Orchestrator/ros2_labremoto/build/examples_rclcpp_cbg_executor' returned '-2': CMAKE_PREFIX_PATH=/opt/ros/humble LANG=en_US.UTF-8 /usr/bin/cmake --build /home/trabajo/LabRemo/Orchestrator/ros2_labremoto/build/examples_rclcpp_cbg_executor -- -j1 -l1
