[35m[1mConsolidate compiler generated dependencies of target my_mas__rosidl_generator_c[0m
[  3%] Built target my_mas__cpp
[ 12%] Built target my_mas__rosidl_generator_c
[35m[1mConsolidate compiler generated dependencies of target my_mas__rosidl_typesupport_cpp[0m
[35m[1mConsolidate compiler generated dependencies of target my_mas__rosidl_typesupport_fastrtps_cpp[0m
[ 12%] Built target ament_cmake_python_copy_my_mas
[35m[1mConsolidate compiler generated dependencies of target my_mas__rosidl_typesupport_introspection_cpp[0m
[35m[1mConsolidate compiler generated dependencies of target my_mas__rosidl_typesupport_fastrtps_c[0m
[ 22%] Built target my_mas__rosidl_typesupport_fastrtps_cpp
[ 32%] Built target my_mas__rosidl_typesupport_cpp
[ 41%] Built target my_mas__rosidl_typesupport_fastrtps_c
[ 51%] Built target my_mas__rosidl_typesupport_introspection_cpp
[35m[1mConsolidate compiler generated dependencies of target my_mas__rosidl_typesupport_introspection_c[0m
[35m[1mConsolidate compiler generated dependencies of target my_mas__rosidl_typesupport_c[0m
[ 61%] Built target my_mas__rosidl_typesupport_c
[ 70%] Built target my_mas__rosidl_typesupport_introspection_c
[ 70%] Built target my_mas
[ 74%] Built target my_mas__py
[35m[1mConsolidate compiler generated dependencies of target my_mas__rosidl_generator_py[0m
[ 80%] Built target my_mas__rosidl_generator_py
[35m[1mConsolidate compiler generated dependencies of target my_mas__rosidl_typesupport_introspection_c__pyext[0m
[35m[1mConsolidate compiler generated dependencies of target my_mas__rosidl_typesupport_fastrtps_c__pyext[0m
[35m[1mConsolidate compiler generated dependencies of target my_mas__rosidl_typesupport_c__pyext[0m
[ 87%] Built target my_mas__rosidl_typesupport_introspection_c__pyext
[ 93%] Built target my_mas__rosidl_typesupport_fastrtps_c__pyext
[100%] Built target my_mas__rosidl_typesupport_c__pyext
running egg_info
writing my_mas.egg-info/PKG-INFO
writing dependency_links to my_mas.egg-info/dependency_links.txt
writing top-level names to my_mas.egg-info/top_level.txt
reading manifest file 'my_mas.egg-info/SOURCES.txt'
writing manifest file 'my_mas.egg-info/SOURCES.txt'
[100%] Built target ament_cmake_python_build_my_mas_egg
Traceback (most recent call last):
  File "/usr/lib/python3/dist-packages/colcon_parallel_executor/executor/parallel.py", line 67, in execute
    loop.run_until_complete(future)
  File "/usr/lib/python3.10/asyncio/base_events.py", line 636, in run_until_complete
    self.run_forever()
  File "/usr/lib/python3.10/asyncio/base_events.py", line 603, in run_forever
    self._run_once()
  File "/usr/lib/python3.10/asyncio/base_events.py", line 1909, in _run_once
    handle._run()
  File "/usr/lib/python3.10/asyncio/events.py", line 80, in _run
    self._context.run(self._callback, *self._args)
  File "/usr/lib/python3.10/asyncio/unix_events.py", line 511, in _read_ready
    self._protocol.data_received(data)
  File "/usr/lib/python3.10/asyncio/base_subprocess.py", line 285, in data_received
    self.proc._pipe_data_received(self.fd, data)
  File "/usr/lib/python3.10/asyncio/base_subprocess.py", line 205, in _pipe_data_received
    self._call(self._protocol.pipe_data_received, fd, data)
  File "/usr/lib/python3.10/asyncio/base_subprocess.py", line 194, in _call
    def _call(self, cb, *data):
KeyboardInterrupt

During handling of the above exception, another exception occurred:

Traceback (most recent call last):
  File "/usr/lib/python3/dist-packages/colcon_core/executor/__init__.py", line 91, in __call__
    rc = await self.task(*args, **kwargs)
  File "/usr/lib/python3/dist-packages/colcon_core/task/__init__.py", line 93, in __call__
    return await task_method(*args, **kwargs)
  File "/usr/lib/python3/dist-packages/colcon_ros/task/ament_cmake/build.py", line 59, in build
    rc = await extension.build(
  File "/usr/lib/python3/dist-packages/colcon_cmake/task/cmake/build.py", line 110, in build
    if await has_target(args.build_base, 'install'):
  File "/usr/lib/python3/dist-packages/colcon_cmake/task/cmake/__init__.py", line 57, in has_target
    return target in await get_makefile_targets(path)
  File "/usr/lib/python3/dist-packages/colcon_cmake/task/cmake/__init__.py", line 77, in get_makefile_targets
    output = await check_output([
  File "/usr/lib/python3/dist-packages/colcon_core/subprocess.py", line 128, in check_output
    assert not rc, f'Expected {args} to pass: {stderr_data}'
AssertionError: Expected ['/usr/bin/cmake', '--build', '/home/ffelix07/Documents/LabRemo/build/my_mas', '--target', 'help'] to pass: gmake: *** [Makefile:726: help] Interrupt

